<?xml version="1.0" encoding="UTF-8"?>
<!-- Generated by org.testng.reporters.JUnitReportReporter -->
<testsuite hostname="DESKTOP-AI5S0JK" failures="0" tests="2" name="UI.LoginTest" time="7.156" errors="0" timestamp="2023-08-07T09:08:34 IST" skipped="0">
  <testcase classname="UI.LoginTest" name="setUp" time="4.823"/>
  <system-out/>
  <testcase classname="UI.LoginTest" name="performLogin" time="2.333"/>
  <system-out/>
</testsuite> <!-- UI.LoginTest -->
