<?xml version="1.0" encoding="UTF-8"?>
<!-- Generated by org.testng.reporters.JUnitReportReporter -->
<testsuite hostname="DESKTOP-AI5S0JK" failures="0" tests="5" name="UI.TestZNGImp" time="9.006" errors="0" timestamp="2023-08-07T09:12:39 IST" skipped="0">
  <testcase classname="UI.TestZNGImp" name="validateUsernameInputExists" time="1.618"/>
  <system-out/>
  <testcase classname="UI.TestZNGImp" name="validatePasswordInputExists" time="1.633"/>
  <system-out/>
  <testcase classname="UI.TestZNGImp" name="validateLoginButtonExists" time="2.611"/>
  <system-out/>
  <testcase classname="UI.TestZNGImp" name="validatePlaceholders" time="1.617"/>
  <system-out/>
  <testcase classname="UI.TestZNGImp" name="validateLoginButtonValue" time="1.527"/>
  <system-out/>
</testsuite> <!-- UI.TestZNGImp -->
