<?xml version="1.0" encoding="UTF-8"?>
<!-- Generated by org.testng.reporters.JUnitReportReporter -->
<testsuite hostname="DESKTOP-AI5S0JK" failures="0" tests="1" name="UI.validUserNameInput" time="1.668" errors="0" timestamp="2023-08-07T09:08:34 IST" skipped="0">
  <testcase classname="UI.validUserNameInput" name="validateUsernameInputExists" time="1.668"/>
  <system-out/>
</testsuite> <!-- UI.validUserNameInput -->
