<?xml version="1.0" encoding="UTF-8"?>
<!-- Generated by org.testng.reporters.JUnitReportReporter -->
<testsuite hostname="DESKTOP-AI5S0JK" failures="0" tests="3" name="UI.passValidation" time="5.348" errors="0" timestamp="2023-08-07T09:08:34 IST" skipped="0">
  <testcase classname="UI.passValidation" name="performLogin" time="2.320"/>
  <system-out/>
  <testcase classname="UI.passValidation" name="validateUsernameInputExists" time="1.530"/>
  <system-out/>
  <testcase classname="UI.passValidation" name="validatePasswordInputExists" time="1.498"/>
  <system-out/>
</testsuite> <!-- UI.passValidation -->
