<?xml version="1.0" encoding="UTF-8"?>
<!-- Generated by org.testng.reporters.JUnitReportReporter -->
<testsuite hostname="DESKTOP-AI5S0JK" failures="0" tests="6" name="UI.placeHolderValidation" time="10.657" errors="0" timestamp="2023-08-07T09:08:34 IST" skipped="0">
  <testcase classname="UI.placeHolderValidation" name="performLogin" time="2.307"/>
  <system-out/>
  <testcase classname="UI.placeHolderValidation" name="validateUsernameInputExists" time="1.694"/>
  <system-out/>
  <testcase classname="UI.placeHolderValidation" name="validatePasswordInputExists" time="1.639"/>
  <system-out/>
  <testcase classname="UI.placeHolderValidation" name="validateLoginButtonExists" time="1.616"/>
  <system-out/>
  <testcase classname="UI.placeHolderValidation" name="validatePlaceholders" time="1.700"/>
  <system-out/>
  <testcase classname="UI.placeHolderValidation" name="validateLoginButtonValue" time="1.701"/>
  <system-out/>
</testsuite> <!-- UI.placeHolderValidation -->
